Using pre-set license
Built from '2021.3/staging' branch; Version is '2021.3.32f1 (3b9dae9532f5) revision 3906990'; Using compiler version '192829333'; Build Type 'Release'
OS: 'Windows 11  (10.0.22000) 64bit Core' Language: 'ko' Physical Memory: 32555 MB
BatchMode: 1, IsHumanControllingUs: 0, StartBugReporterOnCrash: 0, Is64bit: 1, IsPro: 1

COMMAND LINE ARGUMENTS:
C:\Program Files\Unity\Hub\Editor\2021.3.32f1\Editor\Unity.exe
-adb2
-batchMode
-noUpm
-name
AssetImportWorker2
-projectPath
C:/Users/AREUM/CodeCatPractice
-logFile
Logs/AssetImportWorker2.log
-srvPort
59507
Successfully changed project path to: C:/Users/AREUM/CodeCatPractice
C:/Users/AREUM/CodeCatPractice
[UnityMemory] Configuration Parameters - Can be set up in boot.config
    "memorysetup-bucket-allocator-granularity=16"
    "memorysetup-bucket-allocator-bucket-count=8"
    "memorysetup-bucket-allocator-block-size=33554432"
    "memorysetup-bucket-allocator-block-count=8"
    "memorysetup-main-allocator-block-size=16777216"
    "memorysetup-thread-allocator-block-size=16777216"
    "memorysetup-gfx-main-allocator-block-size=16777216"
    "memorysetup-gfx-thread-allocator-block-size=16777216"
    "memorysetup-cache-allocator-block-size=4194304"
    "memorysetup-typetree-allocator-block-size=2097152"
    "memorysetup-profiler-bucket-allocator-granularity=16"
    "memorysetup-profiler-bucket-allocator-bucket-count=8"
    "memorysetup-profiler-bucket-allocator-block-size=33554432"
    "memorysetup-profiler-bucket-allocator-block-count=8"
    "memorysetup-profiler-allocator-block-size=16777216"
    "memorysetup-profiler-editor-allocator-block-size=1048576"
    "memorysetup-temp-allocator-size-main=16777216"
    "memorysetup-job-temp-allocator-block-size=2097152"
    "memorysetup-job-temp-allocator-block-size-background=1048576"
    "memorysetup-job-temp-allocator-reduction-small-platforms=262144"
    "memorysetup-temp-allocator-size-background-worker=32768"
    "memorysetup-temp-allocator-size-job-worker=262144"
    "memorysetup-temp-allocator-size-preload-manager=33554432"
    "memorysetup-temp-allocator-size-nav-mesh-worker=65536"
    "memorysetup-temp-allocator-size-audio-worker=65536"
    "memorysetup-temp-allocator-size-cloud-worker=32768"
    "memorysetup-temp-allocator-size-gi-baking-worker=262144"
    "memorysetup-temp-allocator-size-gfx=262144"
Player connection [12984] Host "[IP] 61.75.145.154 [Port] 0 [Flags] 2 [Guid] 1365735000 [EditorId] 1365735000 [Version] 1048832 [Id] WindowsEditor(7,DESKTOP-GNIS1RB) [Debug] 1 [PackageName] WindowsEditor [ProjectName] Editor" joined multi-casting on [225.0.0.222:54997]...

Player connection [12984] Host "[IP] 61.75.145.154 [Port] 0 [Flags] 2 [Guid] 1365735000 [EditorId] 1365735000 [Version] 1048832 [Id] WindowsEditor(7,DESKTOP-GNIS1RB) [Debug] 1 [PackageName] WindowsEditor [ProjectName] Editor" joined alternative multi-casting on [225.0.0.222:34997]...

[Physics::Module] Initialized MultithreadedJobDispatcher with {0} workers.
Refreshing native plugins compatible for Editor in 51.34 ms, found 4 plugins.
Preloading 0 native plugins for Editor in 0.00 ms.
Initialize engine version: 2021.3.32f1 (3b9dae9532f5)
[Subsystems] Discovering subsystems at path C:/Program Files/Unity/Hub/Editor/2021.3.32f1/Editor/Data/Resources/UnitySubsystems
[Subsystems] Discovering subsystems at path C:/Users/AREUM/CodeCatPractice/Assets
GfxDevice: creating device client; threaded=0; jobified=0
Direct3D:
    Version:  Direct3D 11.0 [level 11.1]
    Renderer: NVIDIA GeForce RTX 3070 Ti (ID=0x2482)
    Vendor:   NVIDIA
    VRAM:     8042 MB
    Driver:   30.0.15.1277
Initialize mono
Mono path[0] = 'C:/Program Files/Unity/Hub/Editor/2021.3.32f1/Editor/Data/Managed'
Mono path[1] = 'C:/Program Files/Unity/Hub/Editor/2021.3.32f1/Editor/Data/MonoBleedingEdge/lib/mono/unityjit-win32'
Mono config path = 'C:/Program Files/Unity/Hub/Editor/2021.3.32f1/Editor/Data/MonoBleedingEdge/etc'
Using monoOptions --debugger-agent=transport=dt_socket,embedding=1,server=y,suspend=n,address=127.0.0.1:56788
Begin MonoManager ReloadAssembly
Registering precompiled unity dll's ...
Register platform support module: C:/Program Files/Unity/Hub/Editor/2021.3.32f1/Editor/Data/PlaybackEngines/AndroidPlayer/UnityEditor.Android.Extensions.dll
Register platform support module: C:/Program Files/Unity/Hub/Editor/2021.3.32f1/Editor/Data/PlaybackEngines/iOSSupport/UnityEditor.iOS.Extensions.dll
Register platform support module: C:/Program Files/Unity/Hub/Editor/2021.3.32f1/Editor/Data/PlaybackEngines/WindowsStandaloneSupport/UnityEditor.WindowsStandalone.Extensions.dll
Registered in 0.008018 seconds.
Native extension for WindowsStandalone target not found
[usbmuxd] Start listen thread
[usbmuxd] Listen thread started
Native extension for iOS target not found
Native extension for Android target not found
Android Extension - Scanning For ADB Devices 256 ms
Refreshing native plugins compatible for Editor in 48.45 ms, found 4 plugins.
Preloading 0 native plugins for Editor in 0.00 ms.
Mono: successfully reloaded assembly
- Completed reload, in  0.747 seconds
Domain Reload Profiling:
	ReloadAssembly (747ms)
		BeginReloadAssembly (81ms)
			ExecutionOrderSort (0ms)
			DisableScriptedObjects (0ms)
			BackupInstance (0ms)
			ReleaseScriptingObjects (0ms)
			CreateAndSetChildDomain (0ms)
		EndReloadAssembly (593ms)
			LoadAssemblies (79ms)
			RebuildTransferFunctionScriptingTraits (0ms)
			SetupTypeCache (72ms)
			ReleaseScriptCaches (0ms)
			RebuildScriptCaches (23ms)
			SetupLoadedEditorAssemblies (467ms)
				LogAssemblyErrors (0ms)
				InitializePlatformSupportModulesInManaged (328ms)
				SetLoadedEditorAssemblies (0ms)
				RefreshPlugins (49ms)
				BeforeProcessingInitializeOnLoad (1ms)
				ProcessInitializeOnLoadAttributes (56ms)
				ProcessInitializeOnLoadMethodAttributes (33ms)
				AfterProcessingInitializeOnLoad (0ms)
				EditorAssembliesLoaded (0ms)
			ExecutionOrderSort2 (0ms)
			AwakeInstancesAfterBackupRestoration (0ms)
Platform modules already initialized, skipping
Registering precompiled user dll's ...
Registered in 0.006482 seconds.
Begin MonoManager ReloadAssembly
Symbol file LoadedFromMemory is not a mono symbol file
Native extension for WindowsStandalone target not found
Native extension for iOS target not found
Native extension for Android target not found
Refreshing native plugins compatible for Editor in 0.70 ms, found 4 plugins.
Preloading 0 native plugins for Editor in 0.00 ms.
Package Manager log level set to [2]
[Package Manager] Server::EnsureServerProcessIsRunning -- launch failed, reason: Unity was launched with the -noUpm command-line argument
[Package Manager] Cannot connect to Unity Package Manager local server
Mono: successfully reloaded assembly
- Completed reload, in  1.333 seconds
Domain Reload Profiling:
	ReloadAssembly (1334ms)
		BeginReloadAssembly (104ms)
			ExecutionOrderSort (0ms)
			DisableScriptedObjects (4ms)
			BackupInstance (0ms)
			ReleaseScriptingObjects (0ms)
			CreateAndSetChildDomain (15ms)
		EndReloadAssembly (1156ms)
			LoadAssemblies (97ms)
			RebuildTransferFunctionScriptingTraits (0ms)
			SetupTypeCache (186ms)
			ReleaseScriptCaches (0ms)
			RebuildScriptCaches (40ms)
			SetupLoadedEditorAssemblies (826ms)
				LogAssemblyErrors (0ms)
				InitializePlatformSupportModulesInManaged (23ms)
				SetLoadedEditorAssemblies (0ms)
				RefreshPlugins (1ms)
				BeforeProcessingInitializeOnLoad (72ms)
				ProcessInitializeOnLoadAttributes (649ms)
				ProcessInitializeOnLoadMethodAttributes (72ms)
				AfterProcessingInitializeOnLoad (8ms)
				EditorAssembliesLoaded (0ms)
			ExecutionOrderSort2 (0ms)
			AwakeInstancesAfterBackupRestoration (9ms)
Platform modules already initialized, skipping
========================================================================
Worker process is ready to serve import requests
Launched and connected shader compiler UnityShaderCompiler.exe after 0.03 seconds
Refreshing native plugins compatible for Editor in 0.51 ms, found 4 plugins.
Preloading 0 native plugins for Editor in 0.00 ms.
Unloading 4117 Unused Serialized files (Serialized files now loaded: 0)
Unloading 35 unused Assets / (47.3 KB). Loaded Objects now: 4571.
Memory consumption went from 148.1 MB to 148.1 MB.
Total: 5.258800 ms (FindLiveObjects: 0.234400 ms CreateObjectMapping: 0.129400 ms MarkObjects: 4.825100 ms  DeleteObjects: 0.069000 ms)

AssetImportParameters requested are different than current active one (requested -> active):
  custom:video-decoder-ogg-theora: a1e56fd34408186e4bbccfd4996cb3dc -> 
  custom:container-muxer-webm: aa71ff27fc2769a1b78a27578f13a17b -> 
  custom:container-demuxer-webm: 4f35f7cbe854078d1ac9338744f61a02 -> 
  custom:video-encoder-webm-vp8: eb34c28f22e8b96e1ab97ce403110664 -> 
  custom:CustomObjectIndexerAttribute: bc11b3a6c3213fcdd17b65e7da85e133 -> 
  custom:audio-encoder-webm-vorbis: bf7c407c2cedff20999df2af8eb42d56 -> 
  custom:framework-win-MediaFoundation: 216162199b28c13a410421893ffa2e32 -> 
  custom:SearchIndexIgnoredProperties: e643bd26f0fe6173181afceb89e7c659 -> 
  custom:container-demuxer-ogg: 62fdf1f143b41e24485cea50d1cbac27 -> 
  custom:video-decoder-webm-vp8: 9c59270c3fd7afecdb556c50c9e8de78 -> 
  custom:audio-decoder-ogg-vorbis: bf7c407c2cedff20999df2af8eb42d56 -> 
========================================================================
Received Import Request.
  Time since last request: 101724.926172 seconds.
  path: Assets/NGUI/Examples/Atlases/Wooden/Arimo14.asset
  artifactKey: Guid(800fce3d977b52d4cadf1a0790a413f0) Importer(815301076,1909f56bfc062723c751e8b465ee728b)
Number of updated assets reloaded before import = 0
Start importing Assets/NGUI/Examples/Atlases/Wooden/Arimo14.asset using Guid(800fce3d977b52d4cadf1a0790a413f0) Importer(815301076,1909f56bfc062723c751e8b465ee728b)  -> (artifact id: '46549492d2efc05f4bd39951a1b86f93') in 0.067973 seconds 
Number of asset objects unloaded after import = 3
========================================================================
Received Import Request.
  Time since last request: 1.351442 seconds.
  path: Assets/NGUI/Examples/Models/Orc Armor/Bracers.FBX
  artifactKey: Guid(04c500d6ebb8403459ad4e44d4a35328) Importer(815301076,1909f56bfc062723c751e8b465ee728b)
Number of updated assets reloaded before import = 0
Start importing Assets/NGUI/Examples/Models/Orc Armor/Bracers.FBX using Guid(04c500d6ebb8403459ad4e44d4a35328) Importer(815301076,1909f56bfc062723c751e8b465ee728b)  -> (artifact id: 'e24e8e99cbac1af74f19b9a162b7357d') in 0.167021 seconds 
Number of asset objects unloaded after import = 8
========================================================================
Received Import Request.
  Time since last request: 0.469718 seconds.
  path: Assets/NGUI/Editor/Preview/Control - Background.png
  artifactKey: Guid(4c4e2225904897741851cb40a292d928) Importer(815301076,1909f56bfc062723c751e8b465ee728b)
Number of updated assets reloaded before import = 0
Start importing Assets/NGUI/Editor/Preview/Control - Background.png using Guid(4c4e2225904897741851cb40a292d928) Importer(815301076,1909f56bfc062723c751e8b465ee728b)  -> (artifact id: 'cbbbb0f728c714eb9ffe35b3cb5c8a35') in 0.026668 seconds 
Number of asset objects unloaded after import = 2
========================================================================
Received Import Request.
  Time since last request: 0.053833 seconds.
  path: Assets/NGUI/Examples/Atlases/Wooden/Control - Colored Horizontal Scroll Bar.prefab
  artifactKey: Guid(daa32720f1eb9324eb99463ea71cbef1) Importer(815301076,1909f56bfc062723c751e8b465ee728b)
Number of updated assets reloaded before import = 0
Start importing Assets/NGUI/Examples/Atlases/Wooden/Control - Colored Horizontal Scroll Bar.prefab using Guid(daa32720f1eb9324eb99463ea71cbef1) Importer(815301076,1909f56bfc062723c751e8b465ee728b)  -> (artifact id: '93e796ce19f46b08a6e2675691a3b0d4') in 0.023580 seconds 
Number of asset objects unloaded after import = 23
========================================================================
Received Import Request.
  Time since last request: 0.000013 seconds.
  path: Assets/NGUI/Editor/Preview/Control - Colored Slider.png
  artifactKey: Guid(51decac5933324a4ebb5df8e33571cc3) Importer(815301076,1909f56bfc062723c751e8b465ee728b)
Number of updated assets reloaded before import = 0
Start importing Assets/NGUI/Editor/Preview/Control - Colored Slider.png using Guid(51decac5933324a4ebb5df8e33571cc3) Importer(815301076,1909f56bfc062723c751e8b465ee728b)  -> (artifact id: 'c5525d1e0fef7d7ff375d914031814d4') in 0.026643 seconds 
Number of asset objects unloaded after import = 2
========================================================================
Received Import Request.
  Time since last request: 1.065560 seconds.
  path: Assets/NGUI/Examples/Atlases/Wooden/Control - Colored Slider.prefab
  artifactKey: Guid(1d6f4f3ab0ce7924ca9daf1717928185) Importer(815301076,1909f56bfc062723c751e8b465ee728b)
Number of updated assets reloaded before import = 0
Start importing Assets/NGUI/Examples/Atlases/Wooden/Control - Colored Slider.prefab using Guid(1d6f4f3ab0ce7924ca9daf1717928185) Importer(815301076,1909f56bfc062723c751e8b465ee728b)  -> (artifact id: 'c1631b797efb2ab4600ac271f5585284') in 0.022363 seconds 
Number of asset objects unloaded after import = 23
========================================================================
Received Import Request.
  Time since last request: 0.000013 seconds.
  path: Assets/NGUI/Examples/Atlases/Wooden/Control - Simple Button.prefab
  artifactKey: Guid(7c3a28b051e872b448d4808cfcf9199c) Importer(815301076,1909f56bfc062723c751e8b465ee728b)
Number of updated assets reloaded before import = 0
Start importing Assets/NGUI/Examples/Atlases/Wooden/Control - Simple Button.prefab using Guid(7c3a28b051e872b448d4808cfcf9199c) Importer(815301076,1909f56bfc062723c751e8b465ee728b)  -> (artifact id: '886a0a0ba77c90e6b51636341c830f99') in 0.009004 seconds 
Number of asset objects unloaded after import = 15
========================================================================
Received Import Request.
  Time since last request: 0.000022 seconds.
  path: Assets/NGUI/Editor/Preview/Control - Simple Checkbox.png
  artifactKey: Guid(ffe6a388a543b98488dfeec1e73a8c9e) Importer(815301076,1909f56bfc062723c751e8b465ee728b)
Number of updated assets reloaded before import = 0
Start importing Assets/NGUI/Editor/Preview/Control - Simple Checkbox.png using Guid(ffe6a388a543b98488dfeec1e73a8c9e) Importer(815301076,1909f56bfc062723c751e8b465ee728b)  -> (artifact id: '4eaf9d661b89dd79361306f50421841a') in 0.021475 seconds 
Number of asset objects unloaded after import = 2
========================================================================
Received Import Request.
  Time since last request: 0.001670 seconds.
  path: Assets/NGUI/Editor/Preview/Control - Simple Horizontal Scroll Bar.png
  artifactKey: Guid(6cfd453c36386934689fb42db3299dbc) Importer(815301076,1909f56bfc062723c751e8b465ee728b)
Number of updated assets reloaded before import = 0
Start importing Assets/NGUI/Editor/Preview/Control - Simple Horizontal Scroll Bar.png using Guid(6cfd453c36386934689fb42db3299dbc) Importer(815301076,1909f56bfc062723c751e8b465ee728b)  -> (artifact id: '242df31c9f3a5ca17158c88031ad0f75') in 0.019790 seconds 
Number of asset objects unloaded after import = 2
========================================================================
Received Import Request.
  Time since last request: 0.000016 seconds.
  path: Assets/NGUI/Editor/Preview/Control - Simple Progress Bar.png
  artifactKey: Guid(36e1d3a725d052b48a97f62725e5f50e) Importer(815301076,1909f56bfc062723c751e8b465ee728b)
Number of updated assets reloaded before import = 0
Start importing Assets/NGUI/Editor/Preview/Control - Simple Progress Bar.png using Guid(36e1d3a725d052b48a97f62725e5f50e) Importer(815301076,1909f56bfc062723c751e8b465ee728b)  -> (artifact id: '62dd2856618283dc951b71b68ac73467') in 0.023233 seconds 
Number of asset objects unloaded after import = 2
========================================================================
Received Import Request.
  Time since last request: 0.000014 seconds.
  path: Assets/NGUI/Editor/Preview/Control - Simple Vertical Slider.png
  artifactKey: Guid(0c5e6f3665051a24c8deca6e53bdc587) Importer(815301076,1909f56bfc062723c751e8b465ee728b)
Number of updated assets reloaded before import = 0
Start importing Assets/NGUI/Editor/Preview/Control - Simple Vertical Slider.png using Guid(0c5e6f3665051a24c8deca6e53bdc587) Importer(815301076,1909f56bfc062723c751e8b465ee728b)  -> (artifact id: '429e2e60a1f93b7374ff94332e796bae') in 0.025518 seconds 
Number of asset objects unloaded after import = 2
========================================================================
Received Import Request.
  Time since last request: 0.031166 seconds.
  path: Packages/com.unity.purchasing/Editor/ServiceProjectSettings/UI/UXML/GooglePlayConfiguration.uxml
  artifactKey: Guid(2551410ce2168804cb697138fe0062ec) Importer(815301076,1909f56bfc062723c751e8b465ee728b)
Number of updated assets reloaded before import = 0
Start importing Packages/com.unity.purchasing/Editor/ServiceProjectSettings/UI/UXML/GooglePlayConfiguration.uxml using Guid(2551410ce2168804cb697138fe0062ec) Importer(815301076,1909f56bfc062723c751e8b465ee728b)  -> (artifact id: 'd73199e4a0414657a3ae25e232b78a41') in 0.016337 seconds 
Number of asset objects unloaded after import = 2
========================================================================
Received Import Request.
  Time since last request: 0.048196 seconds.
  path: Assets/NGUI/Examples/Models/Orc/FBX@idle.FBX
  artifactKey: Guid(12e164431dbd8714bbde0aeef453b764) Importer(815301076,1909f56bfc062723c751e8b465ee728b)
Number of updated assets reloaded before import = 0
Start importing Assets/NGUI/Examples/Models/Orc/FBX@idle.FBX using Guid(12e164431dbd8714bbde0aeef453b764) Importer(815301076,1909f56bfc062723c751e8b465ee728b)  -> (artifact id: '08629ad822c77f8deac7eac5be52a18c') in 0.043371 seconds 
Number of asset objects unloaded after import = 62
========================================================================
Received Import Request.
  Time since last request: 0.021004 seconds.
  path: Packages/com.unity.purchasing/Icons/LinkBlack.png
  artifactKey: Guid(33d3dd2c39dfd49a3b2d36b20225624a) Importer(815301076,1909f56bfc062723c751e8b465ee728b)
Number of updated assets reloaded before import = 0
Start importing Packages/com.unity.purchasing/Icons/LinkBlack.png using Guid(33d3dd2c39dfd49a3b2d36b20225624a) Importer(815301076,1909f56bfc062723c751e8b465ee728b)  -> (artifact id: '55cc3d13efc4623f715ac9a715fbc2bd') in 0.027719 seconds 
Number of asset objects unloaded after import = 2
========================================================================
Received Import Request.
  Time since last request: 0.002074 seconds.
  path: Assets/NGUI/Examples/Models/Orc Armor/Orc Armor (Diffuse).psd
  artifactKey: Guid(0939ed6c7613e5e43a5cdc04a678a966) Importer(815301076,1909f56bfc062723c751e8b465ee728b)
Number of updated assets reloaded before import = 0
Start importing Assets/NGUI/Examples/Models/Orc Armor/Orc Armor (Diffuse).psd using Guid(0939ed6c7613e5e43a5cdc04a678a966) Importer(815301076,1909f56bfc062723c751e8b465ee728b)  -> (artifact id: '489b17539d1e6795c3fb38ba437b5ff8') in 0.054196 seconds 
Number of asset objects unloaded after import = 2
========================================================================
Received Import Request.
  Time since last request: 0.000016 seconds.
  path: Assets/NGUI/Examples/Models/Orc Armor/Orc Shoulders.prefab
  artifactKey: Guid(d6b1ee5e07651d74fa5f4b8f8adfbc9b) Importer(815301076,1909f56bfc062723c751e8b465ee728b)
Number of updated assets reloaded before import = 0
Start importing Assets/NGUI/Examples/Models/Orc Armor/Orc Shoulders.prefab using Guid(d6b1ee5e07651d74fa5f4b8f8adfbc9b) Importer(815301076,1909f56bfc062723c751e8b465ee728b)  -> (artifact id: '3487fe5b3d788920042fc5aebf9cbfcb') in 0.073102 seconds 
Number of asset objects unloaded after import = 11
========================================================================
Received Import Request.
  Time since last request: 0.000012 seconds.
  path: Assets/NGUI/Examples/Models/Orc Armor/Orc Bracers.prefab
  artifactKey: Guid(8d847f26b6745fb4d9076f59a3cf0151) Importer(815301076,1909f56bfc062723c751e8b465ee728b)
Number of updated assets reloaded before import = 0
Start importing Assets/NGUI/Examples/Models/Orc Armor/Orc Bracers.prefab using Guid(8d847f26b6745fb4d9076f59a3cf0151) Importer(815301076,1909f56bfc062723c751e8b465ee728b)  -> (artifact id: '8bdc1fc285c054fe434e6f1cc77b2847') in 0.018298 seconds 
Number of asset objects unloaded after import = 11
========================================================================
Received Import Request.
  Time since last request: 0.000013 seconds.
  path: Packages/com.unity.purchasing/Editor/ServiceProjectSettings/UI/StyleSheets/PlatformSupportVisualDark.uss
  artifactKey: Guid(85d7db48c22668e488e23d32d62dc375) Importer(815301076,1909f56bfc062723c751e8b465ee728b)
Number of updated assets reloaded before import = 0
Start importing Packages/com.unity.purchasing/Editor/ServiceProjectSettings/UI/StyleSheets/PlatformSupportVisualDark.uss using Guid(85d7db48c22668e488e23d32d62dc375) Importer(815301076,1909f56bfc062723c751e8b465ee728b)  -> (artifact id: 'bff005552d4e412c3dc41274afa1db6d') in 0.017775 seconds 
Number of asset objects unloaded after import = 1
========================================================================
Received Import Request.
  Time since last request: 0.000014 seconds.
  path: Packages/com.unity.purchasing/Runtime/AppleMacosStub/UnityEngine.Purchasing.AppleMacosStub.asmdef
  artifactKey: Guid(f6443094e1de2413e6ae58b07d0bf1e9) Importer(815301076,1909f56bfc062723c751e8b465ee728b)
Number of updated assets reloaded before import = 0
Start importing Packages/com.unity.purchasing/Runtime/AppleMacosStub/UnityEngine.Purchasing.AppleMacosStub.asmdef using Guid(f6443094e1de2413e6ae58b07d0bf1e9) Importer(815301076,1909f56bfc062723c751e8b465ee728b)  -> (artifact id: 'c98f513071c66c2303be624cbc6f5f05') in 0.009572 seconds 
Number of asset objects unloaded after import = 0
========================================================================
Received Import Request.
  Time since last request: 0.000026 seconds.
  path: Packages/com.unity.purchasing/Icons/UnityEngine.Purchasing.IAPButtonIcon.png
  artifactKey: Guid(55e457740fe60405dac77af143e1a867) Importer(815301076,1909f56bfc062723c751e8b465ee728b)
Number of updated assets reloaded before import = 0
Start importing Packages/com.unity.purchasing/Icons/UnityEngine.Purchasing.IAPButtonIcon.png using Guid(55e457740fe60405dac77af143e1a867) Importer(815301076,1909f56bfc062723c751e8b465ee728b)  -> (artifact id: 'a7d645fa67fb5e8e37ba75a39a27581b') in 0.018357 seconds 
Number of asset objects unloaded after import = 2
========================================================================
Received Import Request.
  Time since last request: 0.000012 seconds.
  path: Packages/com.unity.purchasing/Runtime/AppleMacos/UnityEngine.Purchasing.AppleMacos.asmdef
  artifactKey: Guid(85419d1db9999260dd8d29109aa400f2) Importer(815301076,1909f56bfc062723c751e8b465ee728b)
Number of updated assets reloaded before import = 0
Start importing Packages/com.unity.purchasing/Runtime/AppleMacos/UnityEngine.Purchasing.AppleMacos.asmdef using Guid(85419d1db9999260dd8d29109aa400f2) Importer(815301076,1909f56bfc062723c751e8b465ee728b)  -> (artifact id: '186b86360801e8934fd377422d827961') in 0.008022 seconds 
Number of asset objects unloaded after import = 0
========================================================================
Received Import Request.
  Time since last request: 0.000014 seconds.
  path: Packages/com.unity.purchasing/Runtime/SecurityCore/UnityEngine.Purchasing.SecurityCore.asmdef
  artifactKey: Guid(e63a64384cc3ef04cac761c1ce76e9c2) Importer(815301076,1909f56bfc062723c751e8b465ee728b)
Number of updated assets reloaded before import = 0
Start importing Packages/com.unity.purchasing/Runtime/SecurityCore/UnityEngine.Purchasing.SecurityCore.asmdef using Guid(e63a64384cc3ef04cac761c1ce76e9c2) Importer(815301076,1909f56bfc062723c751e8b465ee728b)  -> (artifact id: 'cc0bf64466940a21944987eb2bcee9d1') in 0.008251 seconds 
Number of asset objects unloaded after import = 0
========================================================================
Received Import Request.
  Time since last request: 0.000017 seconds.
  path: Packages/com.unity.purchasing/Runtime/AppleStub/UnityEngine.Purchasing.AppleStub.asmdef
  artifactKey: Guid(d0bf1e9ef64430948b071de2413e6ae5) Importer(815301076,1909f56bfc062723c751e8b465ee728b)
Number of updated assets reloaded before import = 0
Start importing Packages/com.unity.purchasing/Runtime/AppleStub/UnityEngine.Purchasing.AppleStub.asmdef using Guid(d0bf1e9ef64430948b071de2413e6ae5) Importer(815301076,1909f56bfc062723c751e8b465ee728b)  -> (artifact id: '32d80639a98086a49254f3fd3215e808') in 0.009383 seconds 
Number of asset objects unloaded after import = 0
========================================================================
Received Import Request.
  Time since last request: 0.000012 seconds.
  path: Packages/com.unity.purchasing/Runtime/AppleCore/UnityEngine.Purchasing.AppleCore.asmdef
  artifactKey: Guid(38106865282c8c64c93112192f9fe21b) Importer(815301076,1909f56bfc062723c751e8b465ee728b)
Number of updated assets reloaded before import = 0
Start importing Packages/com.unity.purchasing/Runtime/AppleCore/UnityEngine.Purchasing.AppleCore.asmdef using Guid(38106865282c8c64c93112192f9fe21b) Importer(815301076,1909f56bfc062723c751e8b465ee728b)  -> (artifact id: 'f24dcdab309d5efc8f06b7619ef51adc') in 0.008035 seconds 
Number of asset objects unloaded after import = 0
Editor requested this worker to shutdown with reason: Scaling down because of idle timeout
AssetImportWorker is now disconnected from the server
Process exiting
Exiting without the bug reporter. Application will terminate with return code 0